# JRE version: OpenJDK Runtime Environment Temurin-21.0.9+10 (21.0.9+10) (build 21.0.9+10-LTS)
# Java VM: OpenJDK 64-Bit Server VM Temurin-21.0.9+10 (21.0.9+10-LTS, mixed mode, sharing, tiered, compressed oops, compressed class ptrs, parallel gc, windows-amd64)
GC Precious Log:
 CardTable entry size: 512
 CPUs: 8 total, 8 available
 Memory: 8035M
 Large Page Support: Disabled
 NUMA Support: Disabled
 Compressed Oops: Enabled (32-bit)
 Alignments: Space 512K, Generation 512K, Heap 2M
 Heap Min Capacity: 100M
 Heap Initial Capacity: 100M
 Heap Max Capacity: 2G
 Pre-touch: Disabled
 Parallel Workers: 8
Heap:
 PSYoungGen      total 27136K, used 11204K [0x00000000d5580000, 0x00000000d7480000, 0x0000000100000000)
  eden space 22016K, 43% used [0x00000000d5580000,0x00000000d5edff88,0x00000000d6b00000)
  from space 5120K, 31% used [0x00000000d6b80000,0x00000000d6d112c0,0x00000000d7080000)
  to   space 2560K, 0% used [0x00000000d7200000,0x00000000d7200000,0x00000000d7480000)
 ParOldGen       total 68608K, used 39995K [0x0000000080000000, 0x0000000084300000, 0x00000000d5580000)
  object space 68608K, 58% used [0x0000000080000000,0x000000008270eea0,0x0000000084300000)
 Metaspace       used 56568K, committed 57792K, reserved 1114112K
  class space    used 6612K, committed 7168K, reserved 1048576K
GC Heap History (20 events):
Event: 47.897 GC heap before
{Heap before GC invocations=20 (full 2):
 PSYoungGen      total 23040K, used 23024K [0x00000000d5580000, 0x00000000d7180000, 0x0000000100000000)
  eden space 22016K, 100% used [0x00000000d5580000,0x00000000d6b00000,0x00000000d6b00000)
  from space 1024K, 98% used [0x00000000d7000000,0x00000000d70fc028,0x00000000d7100000)
  to   space 512K, 0% used [0x00000000d7100000,0x00000000d7100000,0x00000000d7180000)
 ParOldGen       total 68608K, used 21816K [0x0000000080000000, 0x0000000084300000, 0x00000000d5580000)
  object space 68608K, 31% used [0x0000000080000000,0x000000008154e100,0x0000000084300000)
 Metaspace       used 45150K, committed 46272K, reserved 1114112K
  class space    used 4931K, committed 5440K, reserved 1048576K
}
Event: 47.903 GC heap after
{Heap after GC invocations=20 (full 2):
 PSYoungGen      total 22528K, used 512K [0x00000000d5580000, 0x00000000d7180000, 0x0000000100000000)
  eden space 22016K, 0% used [0x00000000d5580000,0x00000000d5580000,0x00000000d6b00000)
  from space 512K, 100% used [0x00000000d7100000,0x00000000d7180000,0x00000000d7180000)
  to   space 2560K, 0% used [0x00000000d6c80000,0x00000000d6c80000,0x00000000d6f00000)
 ParOldGen       total 68608K, used 23646K [0x0000000080000000, 0x0000000084300000, 0x00000000d5580000)
  object space 68608K, 34% used [0x0000000080000000,0x0000000081717800,0x0000000084300000)
 Metaspace       used 45150K, committed 46272K, reserved 1114112K
  class space    used 4931K, committed 5440K, reserved 1048576K
}
Event: 50.045 GC heap before
{Heap before GC invocations=21 (full 2):
 PSYoungGen      total 22528K, used 22528K [0x00000000d5580000, 0x00000000d7180000, 0x0000000100000000)
  eden space 22016K, 100% used [0x00000000d5580000,0x00000000d6b00000,0x00000000d6b00000)
  from space 512K, 100% used [0x00000000d7100000,0x00000000d7180000,0x00000000d7180000)
  to   space 2560K, 0% used [0x00000000d6c80000,0x00000000d6c80000,0x00000000d6f00000)
 ParOldGen       total 68608K, used 23646K [0x0000000080000000, 0x0000000084300000, 0x00000000d5580000)
  object space 68608K, 34% used [0x0000000080000000,0x0000000081717800,0x0000000084300000)
 Metaspace       used 47592K, committed 48704K, reserved 1114112K
  class space    used 5264K, committed 5760K, reserved 1048576K
}
Event: 50.051 GC heap after
{Heap after GC invocations=21 (full 2):
 PSYoungGen      total 24576K, used 1568K [0x00000000d5580000, 0x00000000d7180000, 0x0000000100000000)
  eden space 22016K, 0% used [0x00000000d5580000,0x00000000d5580000,0x00000000d6b00000)
  from space 2560K, 61% used [0x00000000d6c80000,0x00000000d6e08000,0x00000000d6f00000)
  to   space 2048K, 0% used [0x00000000d6f80000,0x00000000d6f80000,0x00000000d7180000)
 ParOldGen       total 68608K, used 24174K [0x0000000080000000, 0x0000000084300000, 0x00000000d5580000)
  object space 68608K, 35% used [0x0000000080000000,0x000000008179b800,0x0000000084300000)
 Metaspace       used 47592K, committed 48704K, reserved 1114112K
  class space    used 5264K, committed 5760K, reserved 1048576K
}
Event: 52.636 GC heap before
{Heap before GC invocations=22 (full 2):
 PSYoungGen      total 24576K, used 23584K [0x00000000d5580000, 0x00000000d7180000, 0x0000000100000000)
  eden space 22016K, 100% used [0x00000000d5580000,0x00000000d6b00000,0x00000000d6b00000)
  from space 2560K, 61% used [0x00000000d6c80000,0x00000000d6e08000,0x00000000d6f00000)
  to   space 2048K, 0% used [0x00000000d6f80000,0x00000000d6f80000,0x00000000d7180000)
 ParOldGen       total 68608K, used 24174K [0x0000000080000000, 0x0000000084300000, 0x00000000d5580000)
  object space 68608K, 35% used [0x0000000080000000,0x000000008179b800,0x0000000084300000)
 Metaspace       used 50091K, committed 51200K, reserved 1114112K
  class space    used 5518K, committed 6016K, reserved 1048576K
}
Event: 52.640 GC heap after
{Heap after GC invocations=22 (full 2):
 PSYoungGen      total 23552K, used 1136K [0x00000000d5580000, 0x00000000d7100000, 0x0000000100000000)
  eden space 22016K, 0% used [0x00000000d5580000,0x00000000d5580000,0x00000000d6b00000)
  from space 1536K, 73% used [0x00000000d6f80000,0x00000000d709c010,0x00000000d7100000)
  to   space 1536K, 0% used [0x00000000d6e00000,0x00000000d6e00000,0x00000000d6f80000)
 ParOldGen       total 68608K, used 25515K [0x0000000080000000, 0x0000000084300000, 0x00000000d5580000)
  object space 68608K, 37% used [0x0000000080000000,0x00000000818eaec0,0x0000000084300000)
 Metaspace       used 50091K, committed 51200K, reserved 1114112K
  class space    used 5518K, committed 6016K, reserved 1048576K
}
Event: 57.215 GC heap before
{Heap before GC invocations=23 (full 2):
 PSYoungGen      total 23552K, used 23152K [0x00000000d5580000, 0x00000000d7100000, 0x0000000100000000)
  eden space 22016K, 100% used [0x00000000d5580000,0x00000000d6b00000,0x00000000d6b00000)
  from space 1536K, 73% used [0x00000000d6f80000,0x00000000d709c010,0x00000000d7100000)
  to   space 1536K, 0% used [0x00000000d6e00000,0x00000000d6e00000,0x00000000d6f80000)
 ParOldGen       total 68608K, used 25515K [0x0000000080000000, 0x0000000084300000, 0x00000000d5580000)
  object space 68608K, 37% used [0x0000000080000000,0x00000000818eaec0,0x0000000084300000)
 Metaspace       used 50155K, committed 51264K, reserved 1114112K
  class space    used 5524K, committed 6016K, reserved 1048576K
}
Event: 57.218 GC heap after
{Heap after GC invocations=23 (full 2):
 PSYoungGen      total 22528K, used 256K [0x00000000d5580000, 0x00000000d7000000, 0x0000000100000000)
  eden space 22016K, 0% used [0x00000000d5580000,0x00000000d5580000,0x00000000d6b00000)
  from space 512K, 50% used [0x00000000d6e00000,0x00000000d6e40000,0x00000000d6e80000)
  to   space 1024K, 0% used [0x00000000d6f00000,0x00000000d6f00000,0x00000000d7000000)
 ParOldGen       total 68608K, used 26493K [0x0000000080000000, 0x0000000084300000, 0x00000000d5580000)
  object space 68608K, 38% used [0x0000000080000000,0x00000000819df568,0x0000000084300000)
 Metaspace       used 50155K, committed 51264K, reserved 1114112K
  class space    used 5524K, committed 6016K, reserved 1048576K
}
Event: 58.341 GC heap before
{Heap before GC invocations=24 (full 2):
 PSYoungGen      total 22528K, used 22272K [0x00000000d5580000, 0x00000000d7000000, 0x0000000100000000)
  eden space 22016K, 100% used [0x00000000d5580000,0x00000000d6b00000,0x00000000d6b00000)
  from space 512K, 50% used [0x00000000d6e00000,0x00000000d6e40000,0x00000000d6e80000)
  to   space 1024K, 0% used [0x00000000d6f00000,0x00000000d6f00000,0x00000000d7000000)
 ParOldGen       total 68608K, used 26493K [0x0000000080000000, 0x0000000084300000, 0x00000000d5580000)
  object space 68608K, 38% used [0x0000000080000000,0x00000000819df568,0x0000000084300000)
 Metaspace       used 51946K, committed 53056K, reserved 1114112K
  class space    used 5822K, committed 6336K, reserved 1048576K
}
Event: 58.345 GC heap after
{Heap after GC invocations=24 (full 2):
 PSYoungGen      total 23040K, used 576K [0x00000000d5580000, 0x00000000d7000000, 0x0000000100000000)
  eden space 22016K, 0% used [0x00000000d5580000,0x00000000d5580000,0x00000000d6b00000)
  from space 1024K, 56% used [0x00000000d6f00000,0x00000000d6f90000,0x00000000d7000000)
  to   space 1024K, 0% used [0x00000000d6e00000,0x00000000d6e00000,0x00000000d6f00000)
 ParOldGen       total 68608K, used 26557K [0x0000000080000000, 0x0000000084300000, 0x00000000d5580000)
  object space 68608K, 38% used [0x0000000080000000,0x00000000819ef568,0x0000000084300000)
 Metaspace       used 51946K, committed 53056K, reserved 1114112K
  class space    used 5822K, committed 6336K, reserved 1048576K
}
Event: 59.712 GC heap before
{Heap before GC invocations=25 (full 2):
 PSYoungGen      total 23040K, used 22592K [0x00000000d5580000, 0x00000000d7000000, 0x0000000100000000)
  eden space 22016K, 100% used [0x00000000d5580000,0x00000000d6b00000,0x00000000d6b00000)
  from space 1024K, 56% used [0x00000000d6f00000,0x00000000d6f90000,0x00000000d7000000)
  to   space 1024K, 0% used [0x00000000d6e00000,0x00000000d6e00000,0x00000000d6f00000)
 ParOldGen       total 68608K, used 26557K [0x0000000080000000, 0x0000000084300000, 0x00000000d5580000)
  object space 68608K, 38% used [0x0000000080000000,0x00000000819ef568,0x0000000084300000)
 Metaspace       used 53239K, committed 54400K, reserved 1114112K
  class space    used 6035K, committed 6528K, reserved 1048576K
}
Event: 59.718 GC heap after
{Heap after GC invocations=25 (full 2):
 PSYoungGen      total 23040K, used 1019K [0x00000000d5580000, 0x00000000d7f00000, 0x0000000100000000)
  eden space 22016K, 0% used [0x00000000d5580000,0x00000000d5580000,0x00000000d6b00000)
  from space 1024K, 99% used [0x00000000d6e00000,0x00000000d6efef10,0x00000000d6f00000)
  to   space 10240K, 0% used [0x00000000d7500000,0x00000000d7500000,0x00000000d7f00000)
 ParOldGen       total 68608K, used 34131K [0x0000000080000000, 0x0000000084300000, 0x00000000d5580000)
  object space 68608K, 49% used [0x0000000080000000,0x0000000082154d08,0x0000000084300000)
 Metaspace       used 53239K, committed 54400K, reserved 1114112K
  class space    used 6035K, committed 6528K, reserved 1048576K
}
Event: 60.728 GC heap before
{Heap before GC invocations=26 (full 2):
 PSYoungGen      total 23040K, used 23035K [0x00000000d5580000, 0x00000000d7f00000, 0x0000000100000000)
  eden space 22016K, 100% used [0x00000000d5580000,0x00000000d6b00000,0x00000000d6b00000)
  from space 1024K, 99% used [0x00000000d6e00000,0x00000000d6efef10,0x00000000d6f00000)
  to   space 10240K, 0% used [0x00000000d7500000,0x00000000d7500000,0x00000000d7f00000)
 ParOldGen       total 68608K, used 34131K [0x0000000080000000, 0x0000000084300000, 0x00000000d5580000)
  object space 68608K, 49% used [0x0000000080000000,0x0000000082154d08,0x0000000084300000)
 Metaspace       used 54400K, committed 55488K, reserved 1114112K
  class space    used 6231K, committed 6720K, reserved 1048576K
}
Event: 60.731 GC heap after
{Heap after GC invocations=26 (full 2):
 PSYoungGen      total 23040K, used 864K [0x00000000d5580000, 0x00000000d7600000, 0x0000000100000000)
  eden space 22016K, 0% used [0x00000000d5580000,0x00000000d5580000,0x00000000d6b00000)
  from space 1024K, 84% used [0x00000000d7500000,0x00000000d75d8000,0x00000000d7600000)
  to   space 4096K, 0% used [0x00000000d6e00000,0x00000000d6e00000,0x00000000d7200000)
 ParOldGen       total 68608K, used 35137K [0x0000000080000000, 0x0000000084300000, 0x00000000d5580000)
  object space 68608K, 51% used [0x0000000080000000,0x00000000822504f0,0x0000000084300000)
 Metaspace       used 54400K, committed 55488K, reserved 1114112K
  class space    used 6231K, committed 6720K, reserved 1048576K
}
Event: 61.805 GC heap before
{Heap before GC invocations=27 (full 2):
 PSYoungGen      total 23040K, used 22880K [0x00000000d5580000, 0x00000000d7600000, 0x0000000100000000)
  eden space 22016K, 100% used [0x00000000d5580000,0x00000000d6b00000,0x00000000d6b00000)
  from space 1024K, 84% used [0x00000000d7500000,0x00000000d75d8000,0x00000000d7600000)
  to   space 4096K, 0% used [0x00000000d6e00000,0x00000000d6e00000,0x00000000d7200000)
 ParOldGen       total 68608K, used 35137K [0x0000000080000000, 0x0000000084300000, 0x00000000d5580000)
  object space 68608K, 51% used [0x0000000080000000,0x00000000822504f0,0x0000000084300000)
 Metaspace       used 54424K, committed 55552K, reserved 1114112K
  class space    used 6231K, committed 6720K, reserved 1048576K
}
Event: 61.808 GC heap after
{Heap after GC invocations=27 (full 2):
 PSYoungGen      total 26112K, used 672K [0x00000000d5580000, 0x00000000d7580000, 0x0000000100000000)
  eden space 22016K, 0% used [0x00000000d5580000,0x00000000d5580000,0x00000000d6b00000)
  from space 4096K, 16% used [0x00000000d6e00000,0x00000000d6ea8000,0x00000000d7200000)
  to   space 1536K, 0% used [0x00000000d7400000,0x00000000d7400000,0x00000000d7580000)
 ParOldGen       total 68608K, used 35882K [0x0000000080000000, 0x0000000084300000, 0x00000000d5580000)
  object space 68608K, 52% used [0x0000000080000000,0x000000008230a8a0,0x0000000084300000)
 Metaspace       used 54424K, committed 55552K, reserved 1114112K
  class space    used 6231K, committed 6720K, reserved 1048576K
}
Event: 62.726 GC heap before
{Heap before GC invocations=28 (full 2):
 PSYoungGen      total 26112K, used 22688K [0x00000000d5580000, 0x00000000d7580000, 0x0000000100000000)
  eden space 22016K, 100% used [0x00000000d5580000,0x00000000d6b00000,0x00000000d6b00000)
  from space 4096K, 16% used [0x00000000d6e00000,0x00000000d6ea8000,0x00000000d7200000)
  to   space 1536K, 0% used [0x00000000d7400000,0x00000000d7400000,0x00000000d7580000)
 ParOldGen       total 68608K, used 35882K [0x0000000080000000, 0x0000000084300000, 0x00000000d5580000)
  object space 68608K, 52% used [0x0000000080000000,0x000000008230a8a0,0x0000000084300000)
 Metaspace       used 54436K, committed 55552K, reserved 1114112K
  class space    used 6231K, committed 6720K, reserved 1048576K
}
Event: 62.729 GC heap after
{Heap after GC invocations=28 (full 2):
 PSYoungGen      total 23552K, used 1517K [0x00000000d5580000, 0x00000000d7580000, 0x0000000100000000)
  eden space 22016K, 0% used [0x00000000d5580000,0x00000000d5580000,0x00000000d6b00000)
  from space 1536K, 98% used [0x00000000d7400000,0x00000000d757b778,0x00000000d7580000)
  to   space 5120K, 0% used [0x00000000d6b80000,0x00000000d6b80000,0x00000000d7080000)
 ParOldGen       total 68608K, used 38505K [0x0000000080000000, 0x0000000084300000, 0x00000000d5580000)
  object space 68608K, 56% used [0x0000000080000000,0x000000008259a7c8,0x0000000084300000)
 Metaspace       used 54436K, committed 55552K, reserved 1114112K
  class space    used 6231K, committed 6720K, reserved 1048576K
}
Event: 63.893 GC heap before
{Heap before GC invocations=29 (full 2):
 PSYoungGen      total 23552K, used 23533K [0x00000000d5580000, 0x00000000d7580000, 0x0000000100000000)
  eden space 22016K, 100% used [0x00000000d5580000,0x00000000d6b00000,0x00000000d6b00000)
  from space 1536K, 98% used [0x00000000d7400000,0x00000000d757b778,0x00000000d7580000)
  to   space 5120K, 0% used [0x00000000d6b80000,0x00000000d6b80000,0x00000000d7080000)
 ParOldGen       total 68608K, used 38505K [0x0000000080000000, 0x0000000084300000, 0x00000000d5580000)
  object space 68608K, 56% used [0x0000000080000000,0x000000008259a7c8,0x0000000084300000)
 Metaspace       used 55455K, committed 56640K, reserved 1114112K
  class space    used 6439K, committed 6976K, reserved 1048576K
}
Event: 63.896 GC heap after
{Heap after GC invocations=29 (full 2):
 PSYoungGen      total 27136K, used 1604K [0x00000000d5580000, 0x00000000d7480000, 0x0000000100000000)
  eden space 22016K, 0% used [0x00000000d5580000,0x00000000d5580000,0x00000000d6b00000)
  from space 5120K, 31% used [0x00000000d6b80000,0x00000000d6d112c0,0x00000000d7080000)
  to   space 2560K, 0% used [0x00000000d7200000,0x00000000d7200000,0x00000000d7480000)
 ParOldGen       total 68608K, used 39995K [0x0000000080000000, 0x0000000084300000, 0x00000000d5580000)
  object space 68608K, 58% used [0x0000000080000000,0x000000008270eea0,0x0000000084300000)
 Metaspace       used 55455K, committed 56640K, reserved 1114112K
  class space    used 6439K, committed 6976K, reserved 1048576K
}

